This is pdfTeX, Version 3.14159265-2.6-1.40.18 (MiKTeX 2.9.6350 64-bit) (preloaded format=pdflatex 2017.11.7)  23 NOV 2018 09:15
entering extended mode
**./SummerIFIC.tex
(SummerIFIC.tex
LaTeX2e <2017-04-15>
Babel <3.10> and hyphenation patterns for 75 language(s) loaded.
("C:\Users\Carles\AppData\Local\Programs\MiKTeX 2.9\tex\latex\beamer\beamer.cls
"
Document Class: beamer 2017/08/22 v3.43 A class for typesetting presentations

("C:\Users\Carles\AppData\Local\Programs\MiKTeX 2.9\tex\latex\beamer\beamerbase
modes.sty"
("C:\Users\Carles\AppData\Local\Programs\MiKTeX 2.9\tex\latex\etoolbox\etoolbox
.sty"
Package: etoolbox 2017/01/02 v2.4 e-TeX tools for LaTeX (JAW)
\etb@tempcnta=\count79
)
\beamer@tempbox=\box26
\beamer@tempcount=\count80
\c@beamerpauses=\count81

("C:\Users\Carles\AppData\Local\Programs\MiKTeX 2.9\tex\latex\beamer\beamerbase
decode.sty"
\beamer@slideinframe=\count82
\beamer@minimum=\count83
)
\beamer@commentbox=\box27
\beamer@modecount=\count84
)
("C:\Users\Carles\AppData\Local\Programs\MiKTeX 2.9\tex\generic\oberdiek\ifpdf.
sty"
Package: ifpdf 2017/03/15 v3.2 Provides the ifpdf switch
)
\headdp=\dimen102
\footheight=\dimen103
\sidebarheight=\dimen104
\beamer@tempdim=\dimen105
\beamer@finalheight=\dimen106
\beamer@animht=\dimen107
\beamer@animdp=\dimen108
\beamer@animwd=\dimen109
\beamer@leftmargin=\dimen110
\beamer@rightmargin=\dimen111
\beamer@leftsidebar=\dimen112
\beamer@rightsidebar=\dimen113
\beamer@boxsize=\dimen114
\beamer@vboxoffset=\dimen115
\beamer@descdefault=\dimen116
\beamer@descriptionwidth=\dimen117
\beamer@lastskip=\skip41
\beamer@areabox=\box28
\beamer@animcurrent=\box29
\beamer@animshowbox=\box30
\beamer@sectionbox=\box31
\beamer@logobox=\box32
\beamer@linebox=\box33
\beamer@sectioncount=\count85
\beamer@subsubsectionmax=\count86
\beamer@subsectionmax=\count87
\beamer@sectionmax=\count88
\beamer@totalheads=\count89
\beamer@headcounter=\count90
\beamer@partstartpage=\count91
\beamer@sectionstartpage=\count92
\beamer@subsectionstartpage=\count93
\beamer@animationtempa=\count94
\beamer@animationtempb=\count95
\beamer@xpos=\count96
\beamer@ypos=\count97
\beamer@showpartnumber=\count98
\beamer@currentsubsection=\count99
\beamer@coveringdepth=\count100
\beamer@sectionadjust=\count101
\beamer@tocsectionnumber=\count102

("C:\Users\Carles\AppData\Local\Programs\MiKTeX 2.9\tex\latex\beamer\beamerbase
options.sty"
("C:\Users\Carles\AppData\Local\Programs\MiKTeX 2.9\tex\latex\graphics\keyval.s
ty"
Package: keyval 2014/10/28 v1.15 key=value parser (DPC)
\KV@toks@=\toks14
))
\beamer@paperwidth=\skip42
\beamer@paperheight=\skip43

("C:\Users\Carles\AppData\Local\Programs\MiKTeX 2.9\tex\latex\geometry\geometry
.sty"
Package: geometry 2010/09/12 v5.6 Page Geometry

("C:\Users\Carles\AppData\Local\Programs\MiKTeX 2.9\tex\generic\oberdiek\ifvtex
.sty"
Package: ifvtex 2016/05/16 v1.6 Detect VTeX and its facilities (HO)
Package ifvtex Info: VTeX not detected.
)
("C:\Users\Carles\AppData\Local\Programs\MiKTeX 2.9\tex\generic\ifxetex\ifxetex
.sty"
Package: ifxetex 2010/09/12 v0.6 Provides ifxetex conditional
)
\Gm@cnth=\count103
\Gm@cntv=\count104
\c@Gm@tempcnt=\count105
\Gm@bindingoffset=\dimen118
\Gm@wd@mp=\dimen119
\Gm@odd@mp=\dimen120
\Gm@even@mp=\dimen121
\Gm@layoutwidth=\dimen122
\Gm@layoutheight=\dimen123
\Gm@layouthoffset=\dimen124
\Gm@layoutvoffset=\dimen125
\Gm@dimlist=\toks15

("C:\Users\Carles\AppData\Local\Programs\MiKTeX 2.9\tex\latex\geometry\geometry
.cfg"))
("C:\Users\Carles\AppData\Local\Programs\MiKTeX 2.9\tex\latex\base\size10.clo"
File: size10.clo 2014/09/29 v1.4h Standard LaTeX file (size option)
)
("C:\Users\Carles\AppData\Local\Programs\MiKTeX 2.9\tex\latex\pgf\basiclayer\pg
fcore.sty"
("C:\Users\Carles\AppData\Local\Programs\MiKTeX 2.9\tex\latex\graphics\graphicx
.sty"
Package: graphicx 2014/10/28 v1.0g Enhanced LaTeX Graphics (DPC,SPQR)

("C:\Users\Carles\AppData\Local\Programs\MiKTeX 2.9\tex\latex\graphics\graphics
.sty"
Package: graphics 2017/04/14 v1.1b Standard LaTeX Graphics (DPC,SPQR)

("C:\Users\Carles\AppData\Local\Programs\MiKTeX 2.9\tex\latex\graphics\trig.sty
"
Package: trig 2016/01/03 v1.10 sin cos tan (DPC)
)
("C:\Users\Carles\AppData\Local\Programs\MiKTeX 2.9\tex\latex\graphics-cfg\grap
hics.cfg"
File: graphics.cfg 2016/06/04 v1.11 sample graphics configuration
)
Package graphics Info: Driver file: pdftex.def on input line 99.

("C:\Users\Carles\AppData\Local\Programs\MiKTeX 2.9\tex\latex\graphics-def\pdft
ex.def"
File: pdftex.def 2017/01/12 v0.06k Graphics/color for pdfTeX

("C:\Users\Carles\AppData\Local\Programs\MiKTeX 2.9\tex\generic\oberdiek\infwar
err.sty"
Package: infwarerr 2016/05/16 v1.4 Providing info/warning/error messages (HO)
)
("C:\Users\Carles\AppData\Local\Programs\MiKTeX 2.9\tex\generic\oberdiek\ltxcmd
s.sty"
Package: ltxcmds 2016/05/16 v1.23 LaTeX kernel commands for general use (HO)
)
\Gread@gobject=\count106
))
\Gin@req@height=\dimen126
\Gin@req@width=\dimen127
)
("C:\Users\Carles\AppData\Local\Programs\MiKTeX 2.9\tex\latex\pgf\systemlayer\p
gfsys.sty"
("C:\Users\Carles\AppData\Local\Programs\MiKTeX 2.9\tex\latex\pgf\utilities\pgf
rcs.sty"
("C:\Users\Carles\AppData\Local\Programs\MiKTeX 2.9\tex\generic\pgf\utilities\p
gfutil-common.tex"
\pgfutil@everybye=\toks16
\pgfutil@tempdima=\dimen128
\pgfutil@tempdimb=\dimen129

("C:\Users\Carles\AppData\Local\Programs\MiKTeX 2.9\tex\generic\pgf\utilities\p
gfutil-common-lists.tex"))
("C:\Users\Carles\AppData\Local\Programs\MiKTeX 2.9\tex\generic\pgf\utilities\p
gfutil-latex.def"
\pgfutil@abb=\box34

("C:\Users\Carles\AppData\Local\Programs\MiKTeX 2.9\tex\latex\ms\everyshi.sty"
Package: everyshi 2001/05/15 v3.00 EveryShipout Package (MS)
))
("C:\Users\Carles\AppData\Local\Programs\MiKTeX 2.9\tex\generic\pgf\utilities\p
gfrcs.code.tex"
Package: pgfrcs 2015/08/07 v3.0.1a (rcs-revision 1.31)
))
("C:\Users\Carles\AppData\Local\Programs\MiKTeX 2.9\tex\generic\pgf\systemlayer
\pgfsys.code.tex"
Package: pgfsys 2014/07/09 v3.0.1a (rcs-revision 1.48)

("C:\Users\Carles\AppData\Local\Programs\MiKTeX 2.9\tex\generic\pgf\utilities\p
gfkeys.code.tex"
\pgfkeys@pathtoks=\toks17
\pgfkeys@temptoks=\toks18

("C:\Users\Carles\AppData\Local\Programs\MiKTeX 2.9\tex\generic\pgf\utilities\p
gfkeysfiltered.code.tex"
\pgfkeys@tmptoks=\toks19
))
\pgf@x=\dimen130
\pgf@y=\dimen131
\pgf@xa=\dimen132
\pgf@ya=\dimen133
\pgf@xb=\dimen134
\pgf@yb=\dimen135
\pgf@xc=\dimen136
\pgf@yc=\dimen137
\w@pgf@writea=\write3
\r@pgf@reada=\read1
\c@pgf@counta=\count107
\c@pgf@countb=\count108
\c@pgf@countc=\count109
\c@pgf@countd=\count110
\t@pgf@toka=\toks20
\t@pgf@tokb=\toks21
\t@pgf@tokc=\toks22

("C:\Users\Carles\AppData\Local\Programs\MiKTeX 2.9\tex\generic\pgf\systemlayer
\pgf.cfg"
File: pgf.cfg 2008/05/14  (rcs-revision 1.7)
)
Driver file for pgf: pgfsys-pdftex.def

("C:\Users\Carles\AppData\Local\Programs\MiKTeX 2.9\tex\generic\pgf\systemlayer
\pgfsys-pdftex.def"
File: pgfsys-pdftex.def 2014/10/11  (rcs-revision 1.35)

("C:\Users\Carles\AppData\Local\Programs\MiKTeX 2.9\tex\generic\pgf\systemlayer
\pgfsys-common-pdf.def"
File: pgfsys-common-pdf.def 2013/10/10  (rcs-revision 1.13)
)))
("C:\Users\Carles\AppData\Local\Programs\MiKTeX 2.9\tex\generic\pgf\systemlayer
\pgfsyssoftpath.code.tex"
File: pgfsyssoftpath.code.tex 2013/09/09  (rcs-revision 1.9)
\pgfsyssoftpath@smallbuffer@items=\count111
\pgfsyssoftpath@bigbuffer@items=\count112
)
("C:\Users\Carles\AppData\Local\Programs\MiKTeX 2.9\tex\generic\pgf\systemlayer
\pgfsysprotocol.code.tex"
File: pgfsysprotocol.code.tex 2006/10/16  (rcs-revision 1.4)
))
("C:\Users\Carles\AppData\Local\Programs\MiKTeX 2.9\tex\latex\xcolor\xcolor.sty
"
Package: xcolor 2016/05/11 v2.12 LaTeX color extensions (UK)

("C:\Users\Carles\AppData\Local\Programs\MiKTeX 2.9\tex\latex\graphics-cfg\colo
r.cfg"
File: color.cfg 2016/01/02 v1.6 sample color configuration
)
Package xcolor Info: Driver file: pdftex.def on input line 225.
Package xcolor Info: Model `cmy' substituted by `cmy0' on input line 1348.
Package xcolor Info: Model `hsb' substituted by `rgb' on input line 1352.
Package xcolor Info: Model `RGB' extended on input line 1364.
Package xcolor Info: Model `HTML' substituted by `rgb' on input line 1366.
Package xcolor Info: Model `Hsb' substituted by `hsb' on input line 1367.
Package xcolor Info: Model `tHsb' substituted by `hsb' on input line 1368.
Package xcolor Info: Model `HSB' substituted by `hsb' on input line 1369.
Package xcolor Info: Model `Gray' substituted by `gray' on input line 1370.
Package xcolor Info: Model `wave' substituted by `hsb' on input line 1371.
)
("C:\Users\Carles\AppData\Local\Programs\MiKTeX 2.9\tex\generic\pgf\basiclayer\
pgfcore.code.tex"
Package: pgfcore 2010/04/11 v3.0.1a (rcs-revision 1.7)

("C:\Users\Carles\AppData\Local\Programs\MiKTeX 2.9\tex\generic\pgf\math\pgfmat
h.code.tex"
("C:\Users\Carles\AppData\Local\Programs\MiKTeX 2.9\tex\generic\pgf\math\pgfmat
hcalc.code.tex"
("C:\Users\Carles\AppData\Local\Programs\MiKTeX 2.9\tex\generic\pgf\math\pgfmat
hutil.code.tex")
("C:\Users\Carles\AppData\Local\Programs\MiKTeX 2.9\tex\generic\pgf\math\pgfmat
hparser.code.tex"
\pgfmath@dimen=\dimen138
\pgfmath@count=\count113
\pgfmath@box=\box35
\pgfmath@toks=\toks23
\pgfmath@stack@operand=\toks24
\pgfmath@stack@operation=\toks25
)
("C:\Users\Carles\AppData\Local\Programs\MiKTeX 2.9\tex\generic\pgf\math\pgfmat
hfunctions.code.tex"
("C:\Users\Carles\AppData\Local\Programs\MiKTeX 2.9\tex\generic\pgf\math\pgfmat
hfunctions.basic.code.tex")
("C:\Users\Carles\AppData\Local\Programs\MiKTeX 2.9\tex\generic\pgf\math\pgfmat
hfunctions.trigonometric.code.tex")
("C:\Users\Carles\AppData\Local\Programs\MiKTeX 2.9\tex\generic\pgf\math\pgfmat
hfunctions.random.code.tex")
("C:\Users\Carles\AppData\Local\Programs\MiKTeX 2.9\tex\generic\pgf\math\pgfmat
hfunctions.comparison.code.tex")
("C:\Users\Carles\AppData\Local\Programs\MiKTeX 2.9\tex\generic\pgf\math\pgfmat
hfunctions.base.code.tex")
("C:\Users\Carles\AppData\Local\Programs\MiKTeX 2.9\tex\generic\pgf\math\pgfmat
hfunctions.round.code.tex")
("C:\Users\Carles\AppData\Local\Programs\MiKTeX 2.9\tex\generic\pgf\math\pgfmat
hfunctions.misc.code.tex")
("C:\Users\Carles\AppData\Local\Programs\MiKTeX 2.9\tex\generic\pgf\math\pgfmat
hfunctions.integerarithmetics.code.tex")))
("C:\Users\Carles\AppData\Local\Programs\MiKTeX 2.9\tex\generic\pgf\math\pgfmat
hfloat.code.tex"
\c@pgfmathroundto@lastzeros=\count114
))
("C:\Users\Carles\AppData\Local\Programs\MiKTeX 2.9\tex\generic\pgf\basiclayer\
pgfcorepoints.code.tex"
File: pgfcorepoints.code.tex 2013/10/07  (rcs-revision 1.27)
\pgf@picminx=\dimen139
\pgf@picmaxx=\dimen140
\pgf@picminy=\dimen141
\pgf@picmaxy=\dimen142
\pgf@pathminx=\dimen143
\pgf@pathmaxx=\dimen144
\pgf@pathminy=\dimen145
\pgf@pathmaxy=\dimen146
\pgf@xx=\dimen147
\pgf@xy=\dimen148
\pgf@yx=\dimen149
\pgf@yy=\dimen150
\pgf@zx=\dimen151
\pgf@zy=\dimen152
)
("C:\Users\Carles\AppData\Local\Programs\MiKTeX 2.9\tex\generic\pgf\basiclayer\
pgfcorepathconstruct.code.tex"
File: pgfcorepathconstruct.code.tex 2013/10/07  (rcs-revision 1.29)
\pgf@path@lastx=\dimen153
\pgf@path@lasty=\dimen154
)
("C:\Users\Carles\AppData\Local\Programs\MiKTeX 2.9\tex\generic\pgf\basiclayer\
pgfcorepathusage.code.tex"
File: pgfcorepathusage.code.tex 2014/11/02  (rcs-revision 1.24)
\pgf@shorten@end@additional=\dimen155
\pgf@shorten@start@additional=\dimen156
)
("C:\Users\Carles\AppData\Local\Programs\MiKTeX 2.9\tex\generic\pgf\basiclayer\
pgfcorescopes.code.tex"
File: pgfcorescopes.code.tex 2015/05/08  (rcs-revision 1.46)
\pgfpic=\box36
\pgf@hbox=\box37
\pgf@layerbox@main=\box38
\pgf@picture@serial@count=\count115
)
("C:\Users\Carles\AppData\Local\Programs\MiKTeX 2.9\tex\generic\pgf\basiclayer\
pgfcoregraphicstate.code.tex"
File: pgfcoregraphicstate.code.tex 2014/11/02  (rcs-revision 1.12)
\pgflinewidth=\dimen157
)
("C:\Users\Carles\AppData\Local\Programs\MiKTeX 2.9\tex\generic\pgf\basiclayer\
pgfcoretransformations.code.tex"
File: pgfcoretransformations.code.tex 2015/08/07  (rcs-revision 1.20)
\pgf@pt@x=\dimen158
\pgf@pt@y=\dimen159
\pgf@pt@temp=\dimen160
)
("C:\Users\Carles\AppData\Local\Programs\MiKTeX 2.9\tex\generic\pgf\basiclayer\
pgfcorequick.code.tex"
File: pgfcorequick.code.tex 2008/10/09  (rcs-revision 1.3)
)
("C:\Users\Carles\AppData\Local\Programs\MiKTeX 2.9\tex\generic\pgf\basiclayer\
pgfcoreobjects.code.tex"
File: pgfcoreobjects.code.tex 2006/10/11  (rcs-revision 1.2)
)
("C:\Users\Carles\AppData\Local\Programs\MiKTeX 2.9\tex\generic\pgf\basiclayer\
pgfcorepathprocessing.code.tex"
File: pgfcorepathprocessing.code.tex 2013/09/09  (rcs-revision 1.9)
)
("C:\Users\Carles\AppData\Local\Programs\MiKTeX 2.9\tex\generic\pgf\basiclayer\
pgfcorearrows.code.tex"
File: pgfcorearrows.code.tex 2015/05/14  (rcs-revision 1.43)
\pgfarrowsep=\dimen161
)
("C:\Users\Carles\AppData\Local\Programs\MiKTeX 2.9\tex\generic\pgf\basiclayer\
pgfcoreshade.code.tex"
File: pgfcoreshade.code.tex 2013/07/15  (rcs-revision 1.15)
\pgf@max=\dimen162
\pgf@sys@shading@range@num=\count116
)
("C:\Users\Carles\AppData\Local\Programs\MiKTeX 2.9\tex\generic\pgf\basiclayer\
pgfcoreimage.code.tex"
File: pgfcoreimage.code.tex 2013/07/15  (rcs-revision 1.18)

("C:\Users\Carles\AppData\Local\Programs\MiKTeX 2.9\tex\generic\pgf\basiclayer\
pgfcoreexternal.code.tex"
File: pgfcoreexternal.code.tex 2014/07/09  (rcs-revision 1.21)
\pgfexternal@startupbox=\box39
))
("C:\Users\Carles\AppData\Local\Programs\MiKTeX 2.9\tex\generic\pgf\basiclayer\
pgfcorelayers.code.tex"
File: pgfcorelayers.code.tex 2013/07/18  (rcs-revision 1.7)
)
("C:\Users\Carles\AppData\Local\Programs\MiKTeX 2.9\tex\generic\pgf\basiclayer\
pgfcoretransparency.code.tex"
File: pgfcoretransparency.code.tex 2013/09/30  (rcs-revision 1.5)
)
("C:\Users\Carles\AppData\Local\Programs\MiKTeX 2.9\tex\generic\pgf\basiclayer\
pgfcorepatterns.code.tex"
File: pgfcorepatterns.code.tex 2013/11/07  (rcs-revision 1.5)
)))
("C:\Users\Carles\AppData\Local\Programs\MiKTeX 2.9\tex\latex\pgf\utilities\xxc
olor.sty"
Package: xxcolor 2003/10/24 ver 0.1
\XC@nummixins=\count117
\XC@countmixins=\count118
)
("C:\Users\Carles\AppData\Local\Programs\MiKTeX 2.9\tex\generic\oberdiek\atbegs
hi.sty"
Package: atbegshi 2016/06/09 v1.18 At begin shipout hook (HO)
)
("C:\Users\Carles\AppData\Local\Programs\MiKTeX 2.9\tex\latex\hyperref\hyperref
.sty"
Package: hyperref 2017/03/14 v6.85a Hypertext links for LaTeX

("C:\Users\Carles\AppData\Local\Programs\MiKTeX 2.9\tex\generic\oberdiek\hobsub
-hyperref.sty"
Package: hobsub-hyperref 2016/05/16 v1.14 Bundle oberdiek, subset hyperref (HO)


("C:\Users\Carles\AppData\Local\Programs\MiKTeX 2.9\tex\generic\oberdiek\hobsub
-generic.sty"
Package: hobsub-generic 2016/05/16 v1.14 Bundle oberdiek, subset generic (HO)
Package: hobsub 2016/05/16 v1.14 Construct package bundles (HO)
Package hobsub Info: Skipping package `infwarerr' (already loaded).
Package hobsub Info: Skipping package `ltxcmds' (already loaded).
Package: ifluatex 2016/05/16 v1.4 Provides the ifluatex switch (HO)
Package ifluatex Info: LuaTeX not detected.
Package hobsub Info: Skipping package `ifvtex' (already loaded).
Package: intcalc 2016/05/16 v1.2 Expandable calculations with integers (HO)
Package hobsub Info: Skipping package `ifpdf' (already loaded).
Package: etexcmds 2016/05/16 v1.6 Avoid name clashes with e-TeX commands (HO)
Package etexcmds Info: Could not find \expanded.
(etexcmds)             That can mean that you are not using pdfTeX 1.50 or
(etexcmds)             that some package has redefined \expanded.
(etexcmds)             In the latter case, load this package earlier.
Package: kvsetkeys 2016/05/16 v1.17 Key value parser (HO)
Package: kvdefinekeys 2016/05/16 v1.4 Define keys (HO)
Package: pdftexcmds 2017/03/19 v0.25 Utility functions of pdfTeX for LuaTeX (HO
)
Package pdftexcmds Info: LuaTeX not detected.
Package pdftexcmds Info: \pdf@primitive is available.
Package pdftexcmds Info: \pdf@ifprimitive is available.
Package pdftexcmds Info: \pdfdraftmode found.
Package: pdfescape 2016/05/16 v1.14 Implements pdfTeX's escape features (HO)
Package: bigintcalc 2016/05/16 v1.4 Expandable calculations on big integers (HO
)
Package: bitset 2016/05/16 v1.2 Handle bit-vector datatype (HO)
Package: uniquecounter 2016/05/16 v1.3 Provide unlimited unique counter (HO)
)
Package hobsub Info: Skipping package `hobsub' (already loaded).
Package: letltxmacro 2016/05/16 v1.5 Let assignment for LaTeX macros (HO)
Package: hopatch 2016/05/16 v1.3 Wrapper for package hooks (HO)
Package: xcolor-patch 2016/05/16 xcolor patch
Package: atveryend 2016/05/16 v1.9 Hooks at the very end of document (HO)
Package hobsub Info: Skipping package `atbegshi' (already loaded).
Package: refcount 2016/05/16 v3.5 Data extraction from label references (HO)
Package: hycolor 2016/05/16 v1.8 Color options for hyperref/bookmark (HO)
)
("C:\Users\Carles\AppData\Local\Programs\MiKTeX 2.9\tex\latex\oberdiek\auxhook.
sty"
Package: auxhook 2016/05/16 v1.4 Hooks for auxiliary files (HO)
)
("C:\Users\Carles\AppData\Local\Programs\MiKTeX 2.9\tex\latex\oberdiek\kvoption
s.sty"
Package: kvoptions 2016/05/16 v3.12 Key value format for package options (HO)
)
\@linkdim=\dimen163
\Hy@linkcounter=\count119
\Hy@pagecounter=\count120

("C:\Users\Carles\AppData\Local\Programs\MiKTeX 2.9\tex\latex\hyperref\pd1enc.d
ef"
File: pd1enc.def 2017/03/14 v6.85a Hyperref: PDFDocEncoding definition (HO)
)
\Hy@SavedSpaceFactor=\count121

("C:\Users\Carles\AppData\Local\Programs\MiKTeX 2.9\tex\latex\00miktex\hyperref
.cfg"
File: hyperref.cfg 2002/06/06 v1.2 hyperref configuration of TeXLive
)
Package hyperref Info: Option `bookmarks' set `true' on input line 4374.
Package hyperref Info: Option `bookmarksopen' set `true' on input line 4374.
Package hyperref Info: Option `implicit' set `false' on input line 4374.
Package hyperref Info: Hyper figures OFF on input line 4498.
Package hyperref Info: Link nesting OFF on input line 4503.
Package hyperref Info: Hyper index ON on input line 4506.
Package hyperref Info: Plain pages OFF on input line 4513.
Package hyperref Info: Backreferencing OFF on input line 4518.
Package hyperref Info: Implicit mode OFF; no redefinition of LaTeX internals.
Package hyperref Info: Bookmarks ON on input line 4751.
\c@Hy@tempcnt=\count122
 ("C:\Users\Carles\AppData\Local\Programs\MiKTeX 2.9\tex\latex\url\url.sty"
\Urlmuskip=\muskip10
Package: url 2013/09/16  ver 3.4  Verb mode for urls, etc.
)
LaTeX Info: Redefining \url on input line 5104.
\XeTeXLinkMargin=\dimen164
\Fld@menulength=\count123
\Field@Width=\dimen165
\Fld@charsize=\dimen166
Package hyperref Info: Hyper figures OFF on input line 6358.
Package hyperref Info: Link nesting OFF on input line 6363.
Package hyperref Info: Hyper index ON on input line 6366.
Package hyperref Info: backreferencing OFF on input line 6373.
Package hyperref Info: Link coloring OFF on input line 6378.
Package hyperref Info: Link coloring with OCG OFF on input line 6383.
Package hyperref Info: PDF/A mode OFF on input line 6388.
LaTeX Info: Redefining \ref on input line 6428.
LaTeX Info: Redefining \pageref on input line 6432.
\Hy@abspage=\count124


Package hyperref Message: Stopped early.

)

Package hyperref Message: Driver (autodetected): hpdftex.


("C:\Users\Carles\AppData\Local\Programs\MiKTeX 2.9\tex\latex\hyperref\hpdftex.
def"
File: hpdftex.def 2017/03/14 v6.85a Hyperref driver for pdfTeX
\Fld@listcount=\count125
\c@bookmark@seq@number=\count126

("C:\Users\Carles\AppData\Local\Programs\MiKTeX 2.9\tex\latex\oberdiek\rerunfil
echeck.sty"
Package: rerunfilecheck 2016/05/16 v1.8 Rerun checks for auxiliary files (HO)
Package uniquecounter Info: New unique counter `rerunfilecheck' on input line 2
82.
))
("C:\Users\Carles\AppData\Local\Programs\MiKTeX 2.9\tex\latex\beamer\beamerbase
requires.sty"
("C:\Users\Carles\AppData\Local\Programs\MiKTeX 2.9\tex\latex\beamer\beamerbase
compatibility.sty")
("C:\Users\Carles\AppData\Local\Programs\MiKTeX 2.9\tex\latex\beamer\beamerbase
font.sty"
("C:\Users\Carles\AppData\Local\Programs\MiKTeX 2.9\tex\latex\amsfonts\amssymb.
sty"
Package: amssymb 2013/01/14 v3.01 AMS font symbols

("C:\Users\Carles\AppData\Local\Programs\MiKTeX 2.9\tex\latex\amsfonts\amsfonts
.sty"
Package: amsfonts 2013/01/14 v3.01 Basic AMSFonts support
\@emptytoks=\toks26
\symAMSa=\mathgroup4
\symAMSb=\mathgroup5
LaTeX Font Info:    Overwriting math alphabet `\mathfrak' in version `bold'
(Font)                  U/euf/m/n --> U/euf/b/n on input line 106.
))
("C:\Users\Carles\AppData\Local\Programs\MiKTeX 2.9\tex\latex\sansmathaccent\sa
nsmathaccent.sty"
Package: sansmathaccent 2013/03/28

("C:\Users\Carles\AppData\Local\Programs\MiKTeX 2.9\tex\latex\filehook\filehook
.sty"
Package: filehook 2011/10/12 v0.5d Hooks for input files
)))
("C:\Users\Carles\AppData\Local\Programs\MiKTeX 2.9\tex\latex\beamer\beamerbase
translator.sty"
("C:\Users\Carles\AppData\Local\Programs\MiKTeX 2.9\tex\latex\beamer\translator
\translator.sty"
Package: translator 2010/06/12 ver 1.10

("C:\Users\Carles\AppData\Local\Programs\MiKTeX 2.9\tex\latex\beamer\translator
\translator-language-mappings.tex")))
("C:\Users\Carles\AppData\Local\Programs\MiKTeX 2.9\tex\latex\beamer\beamerbase
misc.sty")
("C:\Users\Carles\AppData\Local\Programs\MiKTeX 2.9\tex\latex\beamer\beamerbase
twoscreens.sty")
("C:\Users\Carles\AppData\Local\Programs\MiKTeX 2.9\tex\latex\beamer\beamerbase
overlay.sty"
\beamer@argscount=\count127
\beamer@lastskipcover=\skip44
\beamer@trivlistdepth=\count128
)
("C:\Users\Carles\AppData\Local\Programs\MiKTeX 2.9\tex\latex\beamer\beamerbase
title.sty")
("C:\Users\Carles\AppData\Local\Programs\MiKTeX 2.9\tex\latex\beamer\beamerbase
section.sty"
\c@lecture=\count129
\c@part=\count130
\c@section=\count131
\c@subsection=\count132
\c@subsubsection=\count133
)
("C:\Users\Carles\AppData\Local\Programs\MiKTeX 2.9\tex\latex\beamer\beamerbase
frame.sty"
\beamer@framebox=\box40
\beamer@frametitlebox=\box41
\beamer@zoombox=\box42
\beamer@zoomcount=\count134
\beamer@zoomframecount=\count135
\beamer@frametextheight=\dimen167
\c@subsectionslide=\count136
\beamer@frametopskip=\skip45
\beamer@framebottomskip=\skip46
\beamer@frametopskipautobreak=\skip47
\beamer@framebottomskipautobreak=\skip48
\beamer@envbody=\toks27
\framewidth=\dimen168
\c@framenumber=\count137
)
("C:\Users\Carles\AppData\Local\Programs\MiKTeX 2.9\tex\latex\beamer\beamerbase
verbatim.sty"
\beamer@verbatimfileout=\write4
)
("C:\Users\Carles\AppData\Local\Programs\MiKTeX 2.9\tex\latex\beamer\beamerbase
framesize.sty"
\beamer@splitbox=\box43
\beamer@autobreakcount=\count138
\beamer@autobreaklastheight=\dimen169
\beamer@frametitletoks=\toks28
\beamer@framesubtitletoks=\toks29
)
("C:\Users\Carles\AppData\Local\Programs\MiKTeX 2.9\tex\latex\beamer\beamerbase
framecomponents.sty"
\beamer@footins=\box44
)
("C:\Users\Carles\AppData\Local\Programs\MiKTeX 2.9\tex\latex\beamer\beamerbase
color.sty"
\beamer@bg@ht=\dimen170
\beamer@bg@wd=\dimen171
\beamer@bg@dp=\dimen172
)
("C:\Users\Carles\AppData\Local\Programs\MiKTeX 2.9\tex\latex\beamer\beamerbase
notes.sty"
\beamer@frameboxcopy=\box45
)
("C:\Users\Carles\AppData\Local\Programs\MiKTeX 2.9\tex\latex\beamer\beamerbase
toc.sty")
("C:\Users\Carles\AppData\Local\Programs\MiKTeX 2.9\tex\latex\beamer\beamerbase
templates.sty"
\beamer@sbttoks=\toks30

("C:\Users\Carles\AppData\Local\Programs\MiKTeX 2.9\tex\latex\beamer\beamerbase
auxtemplates.sty"
("C:\Users\Carles\AppData\Local\Programs\MiKTeX 2.9\tex\latex\beamer\beamerbase
boxes.sty"
\bmb@box=\box46
\bmb@colorbox=\box47
\bmb@boxshadow=\box48
\bmb@boxshadowball=\box49
\bmb@boxshadowballlarge=\box50
\bmb@temp=\dimen173
\bmb@dima=\dimen174
\bmb@dimb=\dimen175
\bmb@prevheight=\dimen176
)
\beamer@blockheadheight=\dimen177
))
("C:\Users\Carles\AppData\Local\Programs\MiKTeX 2.9\tex\latex\beamer\beamerbase
localstructure.sty"
("C:\Users\Carles\AppData\Local\Programs\MiKTeX 2.9\tex\latex\tools\enumerate.s
ty"
Package: enumerate 2015/07/23 v3.00 enumerate extensions (DPC)
\@enLab=\toks31
)
\c@figure=\count139
\c@table=\count140
\abovecaptionskip=\skip49
\belowcaptionskip=\skip50
)
("C:\Users\Carles\AppData\Local\Programs\MiKTeX 2.9\tex\latex\beamer\beamerbase
navigation.sty"
\beamer@section@min@dim=\dimen178
)
("C:\Users\Carles\AppData\Local\Programs\MiKTeX 2.9\tex\latex\beamer\beamerbase
theorems.sty"
("C:\Users\Carles\AppData\Local\Programs\MiKTeX 2.9\tex\latex\amsmath\amsmath.s
ty"
Package: amsmath 2016/11/05 v2.16a AMS math features
\@mathmargin=\skip51

For additional information on amsmath, use the `?' option.

("C:\Users\Carles\AppData\Local\Programs\MiKTeX 2.9\tex\latex\amsmath\amstext.s
ty"
Package: amstext 2000/06/29 v2.01 AMS text

("C:\Users\Carles\AppData\Local\Programs\MiKTeX 2.9\tex\latex\amsmath\amsgen.st
y"
File: amsgen.sty 1999/11/30 v2.0 generic functions
\@emptytoks=\toks32
\ex@=\dimen179
))
("C:\Users\Carles\AppData\Local\Programs\MiKTeX 2.9\tex\latex\amsmath\amsbsy.st
y"
Package: amsbsy 1999/11/29 v1.2d Bold Symbols
\pmbraise@=\dimen180
)
("C:\Users\Carles\AppData\Local\Programs\MiKTeX 2.9\tex\latex\amsmath\amsopn.st
y"
Package: amsopn 2016/03/08 v2.02 operator names
)
\inf@bad=\count141
LaTeX Info: Redefining \frac on input line 213.
\uproot@=\count142
\leftroot@=\count143
LaTeX Info: Redefining \overline on input line 375.
\classnum@=\count144
\DOTSCASE@=\count145
LaTeX Info: Redefining \ldots on input line 472.
LaTeX Info: Redefining \dots on input line 475.
LaTeX Info: Redefining \cdots on input line 596.
\Mathstrutbox@=\box51
\strutbox@=\box52
\big@size=\dimen181
LaTeX Font Info:    Redeclaring font encoding OML on input line 712.
LaTeX Font Info:    Redeclaring font encoding OMS on input line 713.
\macc@depth=\count146
\c@MaxMatrixCols=\count147
\dotsspace@=\muskip11
\c@parentequation=\count148
\dspbrk@lvl=\count149
\tag@help=\toks33
\row@=\count150
\column@=\count151
\maxfields@=\count152
\andhelp@=\toks34
\eqnshift@=\dimen182
\alignsep@=\dimen183
\tagshift@=\dimen184
\tagwidth@=\dimen185
\totwidth@=\dimen186
\lineht@=\dimen187
\@envbody=\toks35
\multlinegap=\skip52
\multlinetaggap=\skip53
\mathdisplay@stack=\toks36
LaTeX Info: Redefining \[ on input line 2817.
LaTeX Info: Redefining \] on input line 2818.
)
("C:\Users\Carles\AppData\Local\Programs\MiKTeX 2.9\tex\latex\amscls\amsthm.sty
"
Package: amsthm 2015/03/04 v2.20.2
\thm@style=\toks37
\thm@bodyfont=\toks38
\thm@headfont=\toks39
\thm@notefont=\toks40
\thm@headpunct=\toks41
\thm@preskip=\skip54
\thm@postskip=\skip55
\thm@headsep=\skip56
\dth@everypar=\toks42
)
\c@theorem=\count153
)
("C:\Users\Carles\AppData\Local\Programs\MiKTeX 2.9\tex\latex\beamer\beamerbase
themes.sty"))
("C:\Users\Carles\AppData\Local\Programs\MiKTeX 2.9\tex\latex\beamer\themes\the
me\beamerthemedefault.sty"
("C:\Users\Carles\AppData\Local\Programs\MiKTeX 2.9\tex\latex\beamer\themes\fon
t\beamerfontthemedefault.sty")
("C:\Users\Carles\AppData\Local\Programs\MiKTeX 2.9\tex\latex\beamer\themes\col
or\beamercolorthemedefault.sty")
("C:\Users\Carles\AppData\Local\Programs\MiKTeX 2.9\tex\latex\beamer\themes\inn
er\beamerinnerthemedefault.sty"
\beamer@dima=\dimen188
\beamer@dimb=\dimen189
)
("C:\Users\Carles\AppData\Local\Programs\MiKTeX 2.9\tex\latex\beamer\themes\out
er\beamerouterthemedefault.sty")))
("C:\Users\Carles\AppData\Local\Programs\MiKTeX 2.9\tex\latex\beamer\themes\the
me\beamerthemeCambridgeUS.sty"
("C:\Users\Carles\AppData\Local\Programs\MiKTeX 2.9\tex\latex\beamer\themes\inn
er\beamerinnerthemerounded.sty")
("C:\Users\Carles\AppData\Local\Programs\MiKTeX 2.9\tex\latex\beamer\themes\out
er\beamerouterthemeinfolines.sty")
("C:\Users\Carles\AppData\Local\Programs\MiKTeX 2.9\tex\latex\beamer\themes\col
or\beamercolorthemebeaver.sty"))
("C:\Users\Carles\AppData\Local\Programs\MiKTeX 2.9\tex\latex\beamer\themes\col
or\beamercolorthemedolphin.sty")
("C:\Users\Carles\AppData\Local\Programs\MiKTeX 2.9\tex\generic\babel\babel.sty
"
Package: babel 2017/05/19 3.10 The Babel package

*************************************
* Local config file bblopts.cfg used
*
("C:\Users\Carles\AppData\Local\Programs\MiKTeX 2.9\tex\latex\arabi\bblopts.cfg
"
File: bblopts.cfg 2005/09/08 v0.1 add Arabic and Farsi to "declared" options of
 babel
)
("C:\Users\Carles\AppData\Local\Programs\MiKTeX 2.9\tex\latex\babel-spanish\spa
nish.ldf"
Language: spanish.ldf 2016/03/03 v5.0p Spanish support from the babel system

("C:\Users\Carles\AppData\Local\Programs\MiKTeX 2.9\tex\generic\babel\babel.def
"
File: babel.def 2017/05/19 3.10 Babel common definitions
\babel@savecnt=\count154
\U@D=\dimen190
LaTeX Info: Redefining \textlatin on input line 1648.
)
\es@quottoks=\toks43
\es@quotdepth=\count155
Package babel Info: Making " an active character on input line 561.
Package babel Info: Making . an active character on input line 662.
Package babel Info: Making < an active character on input line 707.
Package babel Info: Making > an active character on input line 707.
))
("C:\Users\Carles\AppData\Local\Programs\MiKTeX 2.9\tex\latex\base\inputenc.sty
"
Package: inputenc 2015/03/17 v1.2c Input encoding file
\inpenc@prehook=\toks44
\inpenc@posthook=\toks45
 ("C:\Users\Carles\AppData\Local\Programs\MiKTeX 2.9\tex\latex\ucs\utf8x.def"
File: utf8x.def 2004/10/17 UCS: Input encoding UTF-8
)) ("C:\Users\Carles\AppData\Local\Programs\MiKTeX 2.9\tex\latex\ucs\ucs.sty"
Package: ucs 2013/05/11 v2.2 UCS: Unicode input support

("C:\Users\Carles\AppData\Local\Programs\MiKTeX 2.9\tex\latex\ucs\uni-global.de
f"
File: uni-global.def 2013/05/13 UCS: Unicode global data
)
\uc@secondtry=\count156
\uc@combtoks=\toks46
\uc@combtoksb=\toks47
\uc@temptokena=\toks48
)
("C:\Users\Carles\AppData\Local\Programs\MiKTeX 2.9\tex\latex\oberdiek\epstopdf
.sty"
Package: epstopdf 2016/05/15 v2.6 Conversion with epstopdf on the fly (HO)

("C:\Users\Carles\AppData\Local\Programs\MiKTeX 2.9\tex\latex\oberdiek\epstopdf
-base.sty"
Package: epstopdf-base 2016/05/15 v2.6 Base part for package epstopdf

("C:\Users\Carles\AppData\Local\Programs\MiKTeX 2.9\tex\latex\oberdiek\grfext.s
ty"
Package: grfext 2016/05/16 v1.2 Manage graphics extensions (HO)
)
Package epstopdf-base Info: Redefining graphics rule for `.eps' on input line 4
38.
Package grfext Info: Graphics extension search list:
(grfext)             [.png,.pdf,.jpg,.mps,.jpeg,.jbig2,.jb2,.PNG,.PDF,.JPG,.JPE
G,.JBIG2,.JB2,.eps]
(grfext)             \AppendGraphicsExtensions on input line 456.
))
("C:\Users\Carles\AppData\Local\Programs\MiKTeX 2.9\tex\latex\subfig\subfig.sty
"
Package: subfig 2005/06/28 ver: 1.3 subfig package

("C:\Users\Carles\AppData\Local\Programs\MiKTeX 2.9\tex\latex\caption\caption3.
sty"
Package: caption3 2016/05/22 v1.7-166 caption3 kernel (AR)
Package caption3 Info: TeX engine: e-TeX on input line 67.
\captionmargin=\dimen191
\captionmargin@=\dimen192
\captionwidth=\dimen193
\caption@tempdima=\dimen194
\caption@indent=\dimen195
\caption@parindent=\dimen196
\caption@hangindent=\dimen197
)
\c@KVtest=\count157
\sf@farskip=\skip57
\sf@captopadj=\dimen198
\sf@capskip=\skip58
\sf@nearskip=\skip59
\c@subfigure=\count158
\c@subfigure@save=\count159
\c@depth=\count160
\c@subtable=\count161
\c@subtable@save=\count162
\sf@top=\skip60
\sf@bottom=\skip61
)
("C:\Users\Carles\AppData\Local\Programs\MiKTeX 2.9\tex\latex\colortbl\colortbl
.sty"
Package: colortbl 2012/02/13 v1.0a Color table columns (DPC)

("C:\Users\Carles\AppData\Local\Programs\MiKTeX 2.9\tex\latex\tools\array.sty"
Package: array 2016/10/06 v2.4d Tabular extension package (FMi)
\col@sep=\dimen199
\extrarowheight=\dimen256
\NC@list=\toks49
\extratabsurround=\skip62
\backup@length=\skip63
)
\everycr=\toks50
\minrowclearance=\skip64
)
("C:\Users\Carles\AppData\Local\Programs\MiKTeX 2.9\tex\latex\tools\multicol.st
y"
Package: multicol 2017/04/11 v1.8q multicolumn formatting (FMi)
\c@tracingmulticols=\count163
\mult@box=\box53
\multicol@leftmargin=\dimen257
\c@unbalance=\count164
\c@collectmore=\count165
\doublecol@number=\count166
\multicoltolerance=\count167
\multicolpretolerance=\count168
\full@width=\dimen258
\page@free=\dimen259
\premulticols=\dimen260
\postmulticols=\dimen261
\multicolsep=\skip65
\multicolbaselineskip=\skip66
\partial@page=\box54
\last@line=\box55
\maxbalancingoverflow=\dimen262
\mult@rightbox=\box56
\mult@grightbox=\box57
\mult@gfirstbox=\box58
\mult@firstbox=\box59
\@tempa=\box60
\@tempa=\box61
\@tempa=\box62
\@tempa=\box63
\@tempa=\box64
\@tempa=\box65
\@tempa=\box66
\@tempa=\box67
\@tempa=\box68
\@tempa=\box69
\@tempa=\box70
\@tempa=\box71
\@tempa=\box72
\@tempa=\box73
\@tempa=\box74
\@tempa=\box75
\@tempa=\box76
\c@columnbadness=\count169
\c@finalcolumnbadness=\count170
\last@try=\dimen263
\multicolovershoot=\dimen264
\multicolundershoot=\dimen265
\mult@nat@firstbox=\box77
\colbreak@box=\box78
\mc@col@check@num=\count171
) ("C:\Users\Carles\AppData\Local\Programs\MiKTeX 2.9\tex\latex\ucs\uni-0.def"
File: uni-0.def 2013/05/13 UCS: Unicode data U+0000..U+00FF
)

Package hyperref Warning: Token not allowed in a PDF string (PDFDocEncoding):
(hyperref)                removing `\\' on input line 62.


Package hyperref Warning: Token not allowed in a PDF string (PDFDocEncoding):
(hyperref)                removing `\\' on input line 62.

("C:\Users\Carles\AppData\Local\Programs\MiKTeX 2.9\tex\latex\amsfonts\umsa.fd"
File: umsa.fd 2013/01/14 v3.01 AMS symbols A
) ("C:\Users\Carles\AppData\Local\Programs\MiKTeX 2.9\tex\latex\amsfonts\umsb.f
d"
File: umsb.fd 2013/01/14 v3.01 AMS symbols B
)

Package hyperref Warning: Token not allowed in a PDF string (PDFDocEncoding):
(hyperref)                removing `math shift' on input line 85.


Package hyperref Warning: Token not allowed in a PDF string (PDFDocEncoding):
(hyperref)                removing `\@ifnextchar' on input line 85.


Package hyperref Warning: Token not allowed in a PDF string (PDFDocEncoding):
(hyperref)                removing `math shift' on input line 85.


Package hyperref Warning: Token not allowed in a PDF string (PDFDocEncoding):
(hyperref)                removing `math shift' on input line 85.


Package hyperref Warning: Token not allowed in a PDF string (PDFDocEncoding):
(hyperref)                removing `subscript' on input line 85.


Package hyperref Warning: Token not allowed in a PDF string (PDFDocEncoding):
(hyperref)                removing `math shift' on input line 85.


Package hyperref Warning: Token not allowed in a PDF string (PDFDocEncoding):
(hyperref)                removing `math shift' on input line 85.


Package hyperref Warning: Token not allowed in a PDF string (PDFDocEncoding):
(hyperref)                removing `superscript' on input line 85.


Package hyperref Warning: Token not allowed in a PDF string (PDFDocEncoding):
(hyperref)                removing `math shift' on input line 85.

(SummerIFIC.aux
LaTeX Info: Redefining \. on input line 23.
LaTeX Info: Redefining \% on input line 23.
)
\openout1 = `SummerIFIC.aux'.

LaTeX Font Info:    Checking defaults for OML/cmm/m/it on input line 85.
LaTeX Font Info:    ... okay on input line 85.
LaTeX Font Info:    Checking defaults for T1/cmr/m/n on input line 85.
LaTeX Font Info:    ... okay on input line 85.
LaTeX Font Info:    Checking defaults for OT1/cmr/m/n on input line 85.
LaTeX Font Info:    ... okay on input line 85.
LaTeX Font Info:    Checking defaults for OMS/cmsy/m/n on input line 85.
LaTeX Font Info:    ... okay on input line 85.
LaTeX Font Info:    Checking defaults for OMX/cmex/m/n on input line 85.
LaTeX Font Info:    ... okay on input line 85.
LaTeX Font Info:    Checking defaults for U/cmr/m/n on input line 85.
LaTeX Font Info:    ... okay on input line 85.
LaTeX Font Info:    Checking defaults for PD1/pdf/m/n on input line 85.
LaTeX Font Info:    ... okay on input line 85.

*geometry* driver: auto-detecting
*geometry* detected driver: pdftex
*geometry* verbose mode - [ preamble ] result:
* driver: pdftex
* paper: custom
* layout: <same size as paper>
* layoutoffset:(h,v)=(0.0pt,0.0pt)
* modes: includehead includefoot 
* h-part:(L,W,R)=(10.00002pt, 344.19533pt, 10.00002pt)
* v-part:(T,H,B)=(0.0pt, 273.14662pt, 0.0pt)
* \paperwidth=364.19536pt
* \paperheight=273.14662pt
* \textwidth=344.19533pt
* \textheight=244.6939pt
* \oddsidemargin=-62.26997pt
* \evensidemargin=-62.26997pt
* \topmargin=-72.26999pt
* \headheight=14.22636pt
* \headsep=0.0pt
* \topskip=10.0pt
* \footskip=14.22636pt
* \marginparwidth=3.0pt
* \marginparsep=11.0pt
* \columnsep=10.0pt
* \skip\footins=9.0pt plus 4.0pt minus 2.0pt
* \hoffset=0.0pt
* \voffset=0.0pt
* \mag=1000
* \@twocolumnfalse
* \@twosidefalse
* \@mparswitchfalse
* \@reversemarginfalse
* (1in=72.27pt=25.4mm, 1cm=28.453pt)


("C:\Users\Carles\AppData\Local\Programs\MiKTeX 2.9\tex\context\base\supp-pdf.m
kii"
[Loading MPS to PDF converter (version 2006.09.02).]
\scratchcounter=\count172
\scratchdimen=\dimen266
\scratchbox=\box79
\nofMPsegments=\count173
\nofMParguments=\count174
\everyMPshowfont=\toks51
\MPscratchCnt=\count175
\MPscratchDim=\dimen267
\MPnumerator=\count176
\makeMPintoPDFobject=\count177
\everyMPtoPDFconversion=\toks52
) ABD: EveryShipout initializing macros
\AtBeginShipoutBox=\box80
Package hyperref Info: Link coloring OFF on input line 85.

("C:\Users\Carles\AppData\Local\Programs\MiKTeX 2.9\tex\latex\hyperref\nameref.
sty"
Package: nameref 2016/05/21 v2.44 Cross-referencing by name of section

("C:\Users\Carles\AppData\Local\Programs\MiKTeX 2.9\tex\generic\oberdiek\gettit
lestring.sty"
Package: gettitlestring 2016/05/16 v1.5 Cleanup title references (HO)
)
\c@section@level=\count178
)
LaTeX Info: Redefining \ref on input line 85.
LaTeX Info: Redefining \pageref on input line 85.
LaTeX Info: Redefining \nameref on input line 85.
 (SummerIFIC.out) (SummerIFIC.out)
\@outlinefile=\write5
\openout5 = `SummerIFIC.out'.

LaTeX Font Info:    Overwriting symbol font `operators' in version `normal'
(Font)                  OT1/cmr/m/n --> OT1/cmss/m/n on input line 85.
LaTeX Font Info:    Overwriting symbol font `operators' in version `bold'
(Font)                  OT1/cmr/bx/n --> OT1/cmss/bx/n on input line 85.
\symnumbers=\mathgroup6
\sympureletters=\mathgroup7
LaTeX Font Info:    Overwriting math alphabet `\mathrm' in version `normal'
(Font)                  OT1/cmss/m/n --> OT1/cmr/m/n on input line 85.
LaTeX Font Info:    Redeclaring math alphabet \mathbf on input line 85.
LaTeX Font Info:    Overwriting math alphabet `\mathbf' in version `normal'
(Font)                  OT1/cmr/bx/n --> OT1/cmss/bx/n on input line 85.
LaTeX Font Info:    Overwriting math alphabet `\mathbf' in version `bold'
(Font)                  OT1/cmr/bx/n --> OT1/cmss/bx/n on input line 85.
LaTeX Font Info:    Redeclaring math alphabet \mathsf on input line 85.
LaTeX Font Info:    Overwriting math alphabet `\mathsf' in version `normal'
(Font)                  OT1/cmss/m/n --> OT1/cmss/m/n on input line 85.
LaTeX Font Info:    Overwriting math alphabet `\mathsf' in version `bold'
(Font)                  OT1/cmss/bx/n --> OT1/cmss/m/n on input line 85.
LaTeX Font Info:    Redeclaring math alphabet \mathit on input line 85.
LaTeX Font Info:    Overwriting math alphabet `\mathit' in version `normal'
(Font)                  OT1/cmr/m/it --> OT1/cmss/m/it on input line 85.
LaTeX Font Info:    Overwriting math alphabet `\mathit' in version `bold'
(Font)                  OT1/cmr/bx/it --> OT1/cmss/m/it on input line 85.
LaTeX Font Info:    Redeclaring math alphabet \mathtt on input line 85.
LaTeX Font Info:    Overwriting math alphabet `\mathtt' in version `normal'
(Font)                  OT1/cmtt/m/n --> OT1/cmtt/m/n on input line 85.
LaTeX Font Info:    Overwriting math alphabet `\mathtt' in version `bold'
(Font)                  OT1/cmtt/m/n --> OT1/cmtt/m/n on input line 85.
LaTeX Font Info:    Overwriting symbol font `numbers' in version `bold'
(Font)                  OT1/cmss/m/n --> OT1/cmss/bx/n on input line 85.
LaTeX Font Info:    Overwriting symbol font `pureletters' in version `bold'
(Font)                  OT1/cmss/m/it --> OT1/cmss/bx/it on input line 85.
LaTeX Font Info:    Overwriting math alphabet `\mathrm' in version `bold'
(Font)                  OT1/cmss/bx/n --> OT1/cmr/bx/n on input line 85.
LaTeX Font Info:    Overwriting math alphabet `\mathbf' in version `bold'
(Font)                  OT1/cmss/bx/n --> OT1/cmss/bx/n on input line 85.
LaTeX Font Info:    Overwriting math alphabet `\mathsf' in version `bold'
(Font)                  OT1/cmss/m/n --> OT1/cmss/bx/n on input line 85.
LaTeX Font Info:    Overwriting math alphabet `\mathit' in version `bold'
(Font)                  OT1/cmss/m/it --> OT1/cmss/bx/it on input line 85.
LaTeX Font Info:    Overwriting math alphabet `\mathtt' in version `bold'
(Font)                  OT1/cmtt/m/n --> OT1/cmtt/bx/n on input line 85.
LaTeX Font Info:    Redeclaring symbol font `pureletters' on input line 85.
LaTeX Font Info:    Overwriting symbol font `pureletters' in version `normal'
(Font)                  OT1/cmss/m/it --> OT1/mathkerncmss/m/sl on input line 8
5.
LaTeX Font Info:    Overwriting symbol font `pureletters' in version `bold'
(Font)                  OT1/cmss/bx/it --> OT1/mathkerncmss/m/sl on input line 
85.
LaTeX Font Info:    Overwriting symbol font `pureletters' in version `bold'
(Font)                  OT1/mathkerncmss/m/sl --> OT1/mathkerncmss/bx/sl on inp
ut line 85.

("C:\Users\Carles\AppData\Local\Programs\MiKTeX 2.9\tex\latex\beamer\translator
\dicts\translator-basic-dictionary\translator-basic-dictionary-English.dict"
Dictionary: translator-basic-dictionary, Language: English 
)
("C:\Users\Carles\AppData\Local\Programs\MiKTeX 2.9\tex\latex\beamer\translator
\dicts\translator-bibliography-dictionary\translator-bibliography-dictionary-En
glish.dict"
Dictionary: translator-bibliography-dictionary, Language: English 
)
("C:\Users\Carles\AppData\Local\Programs\MiKTeX 2.9\tex\latex\beamer\translator
\dicts\translator-environment-dictionary\translator-environment-dictionary-Engl
ish.dict"
Dictionary: translator-environment-dictionary, Language: English 
)
("C:\Users\Carles\AppData\Local\Programs\MiKTeX 2.9\tex\latex\beamer\translator
\dicts\translator-months-dictionary\translator-months-dictionary-English.dict"
Dictionary: translator-months-dictionary, Language: English 
)
("C:\Users\Carles\AppData\Local\Programs\MiKTeX 2.9\tex\latex\beamer\translator
\dicts\translator-numbers-dictionary\translator-numbers-dictionary-English.dict
"
Dictionary: translator-numbers-dictionary, Language: English 
)
("C:\Users\Carles\AppData\Local\Programs\MiKTeX 2.9\tex\latex\beamer\translator
\dicts\translator-theorem-dictionary\translator-theorem-dictionary-English.dict
"
Dictionary: translator-theorem-dictionary, Language: English 
)
LaTeX Info: Redefining \. on input line 85.
LaTeX Info: Redefining \% on input line 85.
 ("C:\Users\Carles\AppData\Local\Programs\MiKTeX 2.9\tex\latex\ucs\ucsencs.def"
File: ucsencs.def 2011/01/21 Fixes to fontencodings LGR, T3
)
Package caption Info: Begin \AtBeginDocument code.
Package caption Info: subfig package v1.3 is loaded.
Package caption Info: End \AtBeginDocument code.
 (SummerIFIC.nav)
Overfull \hbox (375.61438pt too wide) in paragraph at lines 85--85
 [][]  \OT1/cmss/m/n/5 ([])  
 []

LaTeX Font Info:    Try loading font information for OT1+mathkerncmss on input 
line 89.

("C:\Users\Carles\AppData\Local\Programs\MiKTeX 2.9\tex\latex\sansmathaccent\ot
1mathkerncmss.fd"
File: ot1mathkerncmss.fd 2013/03/27 Fontinst v1.933 font definitions for OT1/ma
thkerncmss.
)
Overfull \hbox (376.20467pt too wide) has occurred while \output is active
 [][]  \OT1/cmss/m/n/5 ([])  
 []

[1

{C:/Users/Carles/AppData/Local/MiKTeX/2.9/pdftex/config/pdftex.map}]
(SummerIFIC.toc
LaTeX Info: Redefining \. on input line 1.
LaTeX Info: Redefining \% on input line 1.
)
Overfull \hbox (376.20467pt too wide) has occurred while \output is active
 [][]  \OT1/cmss/m/n/5 ([])  
 []

[2

] <tchannel.png, id=78, 375.4025pt x 270.00874pt>
File: tchannel.png Graphic file (type png)
 <use tchannel.png>
Package pdftex.def Info: tchannel.png used on input line 122.
(pdftex.def)             Requested size: 129.51399pt x 93.1531pt.

Overfull \hbox (376.20467pt too wide) has occurred while \output is active
 [][]  \OT1/cmss/m/n/5 ([])  
 []

[3

 <./tchannel.png (PNG copy)>]
Package epstopdf Info: Source file: <plot-gen-mw.eps>
(epstopdf)                    date: 2018-07-18 06:42:01
(epstopdf)                    size: 13274 bytes
(epstopdf)             Output file: <plot-gen-mw-eps-converted-to.pdf>
(epstopdf)                    date: 2018-07-18 06:43:31
(epstopdf)                    size: 7861 bytes
(epstopdf)             Command: <epstopdf --outfile=plot-gen-mw-eps-converted-t
o.pdf plot-gen-mw.eps>
(epstopdf)             \includegraphics on input line 140.
Package epstopdf Info: Output file is already uptodate.

<plot-gen-mw-eps-converted-to.pdf, id=91, 569.12625pt x 548.0475pt>
File: plot-gen-mw-eps-converted-to.pdf Graphic file (type pdf)

<use plot-gen-mw-eps-converted-to.pdf>
Package pdftex.def Info: plot-gen-mw-eps-converted-to.pdf used on input line 14
0.
(pdftex.def)             Requested size: 102.4383pt x 98.64429pt.
Package epstopdf Info: Source file: <plot-mw-reco.eps>
(epstopdf)                    date: 2018-07-18 06:42:17
(epstopdf)                    size: 13103 bytes
(epstopdf)             Output file: <plot-mw-reco-eps-converted-to.pdf>
(epstopdf)                    date: 2018-07-18 06:44:36
(epstopdf)                    size: 7791 bytes
(epstopdf)             Command: <epstopdf --outfile=plot-mw-reco-eps-converted-
to.pdf plot-mw-reco.eps>
(epstopdf)             \includegraphics on input line 140.
Package epstopdf Info: Output file is already uptodate.

<plot-mw-reco-eps-converted-to.pdf, id=92, 569.12625pt x 548.0475pt>
File: plot-mw-reco-eps-converted-to.pdf Graphic file (type pdf)

<use plot-mw-reco-eps-converted-to.pdf>
Package pdftex.def Info: plot-mw-reco-eps-converted-to.pdf used on input line 1
40.
(pdftex.def)             Requested size: 102.4383pt x 98.64429pt.
Package epstopdf Info: Source file: <plot-mtop-gen.eps>
(epstopdf)                    date: 2018-07-18 06:41:58
(epstopdf)                    size: 13354 bytes
(epstopdf)             Output file: <plot-mtop-gen-eps-converted-to.pdf>
(epstopdf)                    date: 2018-07-18 06:48:33
(epstopdf)                    size: 7539 bytes
(epstopdf)             Command: <epstopdf --outfile=plot-mtop-gen-eps-converted
-to.pdf plot-mtop-gen.eps>
(epstopdf)             \includegraphics on input line 140.
Package epstopdf Info: Output file is already uptodate.

<plot-mtop-gen-eps-converted-to.pdf, id=93, 569.12625pt x 548.0475pt>
File: plot-mtop-gen-eps-converted-to.pdf Graphic file (type pdf)

<use plot-mtop-gen-eps-converted-to.pdf>
Package pdftex.def Info: plot-mtop-gen-eps-converted-to.pdf used on input line 
140.
(pdftex.def)             Requested size: 102.4383pt x 98.64429pt.
Package epstopdf Info: Source file: <plot-mWb-gen.eps>
(epstopdf)                    date: 2018-07-18 06:42:10
(epstopdf)                    size: 12865 bytes
(epstopdf)             Output file: <plot-mWb-gen-eps-converted-to.pdf>
(epstopdf)                    date: 2018-07-18 06:56:53
(epstopdf)                    size: 7420 bytes
(epstopdf)             Command: <epstopdf --outfile=plot-mWb-gen-eps-converted-
to.pdf plot-mWb-gen.eps>
(epstopdf)             \includegraphics on input line 140.
Package epstopdf Info: Output file is already uptodate.

<plot-mWb-gen-eps-converted-to.pdf, id=94, 569.12625pt x 548.0475pt>
File: plot-mWb-gen-eps-converted-to.pdf Graphic file (type pdf)

<use plot-mWb-gen-eps-converted-to.pdf>
Package pdftex.def Info: plot-mWb-gen-eps-converted-to.pdf used on input line 1
40.
(pdftex.def)             Requested size: 102.4383pt x 98.64429pt.
Package epstopdf Info: Source file: <plot-mtop-reco.eps>
(epstopdf)                    date: 2018-07-18 06:42:06
(epstopdf)                    size: 13675 bytes
(epstopdf)             Output file: <plot-mtop-reco-eps-converted-to.pdf>
(epstopdf)                    date: 2018-07-18 06:47:48
(epstopdf)                    size: 7551 bytes
(epstopdf)             Command: <epstopdf --outfile=plot-mtop-reco-eps-converte
d-to.pdf plot-mtop-reco.eps>
(epstopdf)             \includegraphics on input line 140.
Package epstopdf Info: Output file is already uptodate.

<plot-mtop-reco-eps-converted-to.pdf, id=95, 569.12625pt x 548.0475pt>
File: plot-mtop-reco-eps-converted-to.pdf Graphic file (type pdf)

<use plot-mtop-reco-eps-converted-to.pdf>
Package pdftex.def Info: plot-mtop-reco-eps-converted-to.pdf used on input line
 140.
(pdftex.def)             Requested size: 102.4383pt x 98.64429pt.

Overfull \hbox (376.20467pt too wide) has occurred while \output is active
 [][]  \OT1/cmss/m/n/5 ([])  
 []

[4

 <./plot-gen-mw-eps-converted-to.pdf> <./plot-mw-reco-eps-converted-to.pdf> <./
plot-mtop-gen-eps-converted-to.pdf> <./plot-mWb-gen-eps-converted-to.pdf> <./pl
ot-mtop-reco-eps-converted-to.pdf>]
Overfull \hbox (4.38846pt too wide) detected at line 174
\OT1/mathkerncmss/m/sl/10 a\OT1/cmss/m/n/10 (\OT1/mathkerncmss/m/sl/10 p[]\OT1/
cmss/m/n/10 )[] + \OT1/mathkerncmss/m/sl/10 bp[] \OT1/cmss/m/n/10 + \OT1/mathke
rncmss/m/sl/10 c \OT1/cmss/m/n/10 = 0 [][]\OMS/cmsy/m/n/10 ! []
 []


Overfull \hbox (376.20467pt too wide) has occurred while \output is active
 [][]  \OT1/cmss/m/n/5 ([])  
 []

[5

]
Package epstopdf Info: Source file: <plot-etmissbyptneu.eps>
(epstopdf)                    date: 2018-07-18 07:23:33
(epstopdf)                    size: 16851 bytes
(epstopdf)             Output file: <plot-etmissbyptneu-eps-converted-to.pdf>
(epstopdf)                    date: 2018-07-18 07:24:29
(epstopdf)                    size: 10596 bytes
(epstopdf)             Command: <epstopdf --outfile=plot-etmissbyptneu-eps-conv
erted-to.pdf plot-etmissbyptneu.eps>
(epstopdf)             \includegraphics on input line 196.
Package epstopdf Info: Output file is already uptodate.

<plot-etmissbyptneu-eps-converted-to.pdf, id=148, 569.12625pt x 548.0475pt>
File: plot-etmissbyptneu-eps-converted-to.pdf Graphic file (type pdf)

<use plot-etmissbyptneu-eps-converted-to.pdf>
Package pdftex.def Info: plot-etmissbyptneu-eps-converted-to.pdf used on input 
line 196.
(pdftex.def)             Requested size: 102.4383pt x 98.64429pt.
Package epstopdf Info: Source file: <plot-etmissresbyptneu.eps>
(epstopdf)                    date: 2018-07-18 07:23:16
(epstopdf)                    size: 17033 bytes
(epstopdf)             Output file: <plot-etmissresbyptneu-eps-converted-to.pdf
>
(epstopdf)                    date: 2018-07-18 07:24:30
(epstopdf)                    size: 10878 bytes
(epstopdf)             Command: <epstopdf --outfile=plot-etmissresbyptneu-eps-c
onverted-to.pdf plot-etmissresbyptneu.eps>
(epstopdf)             \includegraphics on input line 196.
Package epstopdf Info: Output file is already uptodate.

<plot-etmissresbyptneu-eps-converted-to.pdf, id=149, 569.12625pt x 548.0475pt>
File: plot-etmissresbyptneu-eps-converted-to.pdf Graphic file (type pdf)

<use plot-etmissresbyptneu-eps-converted-to.pdf>
Package pdftex.def Info: plot-etmissresbyptneu-eps-converted-to.pdf used on inp
ut line 196.
(pdftex.def)             Requested size: 102.4383pt x 98.64429pt.
Package epstopdf Info: Source file: <plot-etmisscomparation.eps>
(epstopdf)                    date: 2018-07-18 07:26:42
(epstopdf)                    size: 22893 bytes
(epstopdf)             Output file: <plot-etmisscomparation-eps-converted-to.pd
f>
(epstopdf)                    date: 2018-07-18 07:27:37
(epstopdf)                    size: 13156 bytes
(epstopdf)             Command: <epstopdf --outfile=plot-etmisscomparation-eps-
converted-to.pdf plot-etmisscomparation.eps>
(epstopdf)             \includegraphics on input line 196.
Package epstopdf Info: Output file is already uptodate.

<plot-etmisscomparation-eps-converted-to.pdf, id=150, 569.12625pt x 548.0475pt>
File: plot-etmisscomparation-eps-converted-to.pdf Graphic file (type pdf)
<use plot-etmisscomparation-eps-converted-to.pdf>
Package pdftex.def Info: plot-etmisscomparation-eps-converted-to.pdf used on in
put line 196.
(pdftex.def)             Requested size: 102.4383pt x 98.64429pt.
Package epstopdf Info: Source file: <plot-mt-reco-det-bis.eps>
(epstopdf)                    date: 2018-07-18 07:29:32
(epstopdf)                    size: 16544 bytes
(epstopdf)             Output file: <plot-mt-reco-det-bis-eps-converted-to.pdf>

(epstopdf)                    date: 2018-07-18 07:30:59
(epstopdf)                    size: 9848 bytes
(epstopdf)             Command: <epstopdf --outfile=plot-mt-reco-det-bis-eps-co
nverted-to.pdf plot-mt-reco-det-bis.eps>
(epstopdf)             \includegraphics on input line 196.
Package epstopdf Info: Output file is already uptodate.

<plot-mt-reco-det-bis-eps-converted-to.pdf, id=151, 569.12625pt x 548.0475pt>
File: plot-mt-reco-det-bis-eps-converted-to.pdf Graphic file (type pdf)

<use plot-mt-reco-det-bis-eps-converted-to.pdf>
Package pdftex.def Info: plot-mt-reco-det-bis-eps-converted-to.pdf used on inpu
t line 196.
(pdftex.def)             Requested size: 102.4383pt x 98.64429pt.
Package epstopdf Info: Source file: <plot-mt-reco-det.eps>
(epstopdf)                    date: 2018-07-18 07:25:15
(epstopdf)                    size: 16748 bytes
(epstopdf)             Output file: <plot-mt-reco-det-eps-converted-to.pdf>
(epstopdf)                    date: 2018-07-18 07:30:20
(epstopdf)                    size: 9928 bytes
(epstopdf)             Command: <epstopdf --outfile=plot-mt-reco-det-eps-conver
ted-to.pdf plot-mt-reco-det.eps>
(epstopdf)             \includegraphics on input line 196.
Package epstopdf Info: Output file is already uptodate.

<plot-mt-reco-det-eps-converted-to.pdf, id=152, 569.12625pt x 548.0475pt>
File: plot-mt-reco-det-eps-converted-to.pdf Graphic file (type pdf)

<use plot-mt-reco-det-eps-converted-to.pdf>
Package pdftex.def Info: plot-mt-reco-det-eps-converted-to.pdf used on input li
ne 196.
(pdftex.def)             Requested size: 102.4383pt x 98.64429pt.
Package epstopdf Info: Source file: <plot-mt-reco-det-comparacions.eps>
(epstopdf)                    date: 2018-07-18 07:25:18
(epstopdf)                    size: 20021 bytes
(epstopdf)             Output file: <plot-mt-reco-det-comparacions-eps-converte
d-to.pdf>
(epstopdf)                    date: 2018-07-18 07:31:01
(epstopdf)                    size: 11118 bytes
(epstopdf)             Command: <epstopdf --outfile=plot-mt-reco-det-comparacio
ns-eps-converted-to.pdf plot-mt-reco-det-comparacions.eps>
(epstopdf)             \includegraphics on input line 196.
Package epstopdf Info: Output file is already uptodate.

<plot-mt-reco-det-comparacions-eps-converted-to.pdf, id=153, 569.12625pt x 548.
0475pt>
File: plot-mt-reco-det-comparacions-eps-converted-to.pdf Graphic file (type pdf
)
 <use plot-mt-reco-det-comparacions-eps-converted-to.pdf>
Package pdftex.def Info: plot-mt-reco-det-comparacions-eps-converted-to.pdf use
d on input line 196.
(pdftex.def)             Requested size: 102.4383pt x 98.64429pt.

Overfull \hbox (376.20467pt too wide) has occurred while \output is active
 [][]  \OT1/cmss/m/n/5 ([])  
 []

[6

 <./plot-etmissbyptneu-eps-converted-to.pdf> <./plot-etmissresbyptneu-eps-conve
rted-to.pdf> <./plot-etmisscomparation-eps-converted-to.pdf> <./plot-mt-reco-de
t-bis-eps-converted-to.pdf> <./plot-mt-reco-det-eps-converted-to.pdf> <./plot-m
t-reco-det-comparacions-eps-converted-to.pdf>]
File: tchannel.png Graphic file (type png)
 <use tchannel.png>
Package pdftex.def Info: tchannel.png used on input line 235.
(pdftex.def)             Requested size: 93.85039pt x 67.50201pt.

<eta.png, id=198, 220.825pt x 179.67125pt>
File: eta.png Graphic file (type png)
 <use eta.png>
Package pdftex.def Info: eta.png used on input line 235.
(pdftex.def)             Requested size: 72.87247pt x 59.29169pt.

Overfull \hbox (376.20467pt too wide) has occurred while \output is active
 [][]  \OT1/cmss/m/n/5 ([])  
 []

[7

 <./eta.png>] <SingleTopMass.pdf, id=209, 569.12625pt x 554.07pt>
File: SingleTopMass.pdf Graphic file (type pdf)

<use SingleTopMass.pdf>
Package pdftex.def Info: SingleTopMass.pdf used on input line 253.
(pdftex.def)             Requested size: 125.20816pt x 121.89577pt.

<SingleTopMass_cuts.pdf, id=210, 569.12625pt x 554.07pt>
File: SingleTopMass_cuts.pdf Graphic file (type pdf)

<use SingleTopMass_cuts.pdf>
Package pdftex.def Info: SingleTopMass_cuts.pdf used on input line 253.
(pdftex.def)             Requested size: 125.20816pt x 121.89577pt.
 <qEta.pdf, id=211, 569.12625pt x 554.07pt>
File: qEta.pdf Graphic file (type pdf)

<use qEta.pdf>
Package pdftex.def Info: qEta.pdf used on input line 253.
(pdftex.def)             Requested size: 125.20816pt x 121.89577pt.
 <qEta_cuts.pdf, id=212, 569.12625pt x 554.07pt>
File: qEta_cuts.pdf Graphic file (type pdf)

<use qEta_cuts.pdf>
Package pdftex.def Info: qEta_cuts.pdf used on input line 253.
(pdftex.def)             Requested size: 125.20816pt x 121.89577pt.

Overfull \vbox (9.28932pt too high) detected at line 253
 []


Overfull \hbox (376.20467pt too wide) has occurred while \output is active
 [][]  \OT1/cmss/m/n/5 ([])  
 []

[8

 <./SingleTopMass.pdf, page is rotated 90 degrees> <./SingleTopMass_cuts.pdf, p
age is rotated 90 degrees> <./qEta.pdf, page is rotated 90 degrees> <./qEta_cut
s.pdf, page is rotated 90 degrees>]
<dif.pdf, id=393, 569.12625pt x 554.07pt>
File: dif.pdf Graphic file (type pdf)
 <use dif.pdf>
Package pdftex.def Info: dif.pdf used on input line 271.
(pdftex.def)             Requested size: 125.20816pt x 121.89577pt.

<dif_cuts.pdf, id=394, 569.12625pt x 554.07pt>
File: dif_cuts.pdf Graphic file (type pdf)
 <use dif_cuts.pdf>
Package pdftex.def Info: dif_cuts.pdf used on input line 271.
(pdftex.def)             Requested size: 125.20816pt x 121.89577pt.

<Ht.pdf, id=395, 569.12625pt x 554.07pt>
File: Ht.pdf Graphic file (type pdf)
 <use Ht.pdf>
Package pdftex.def Info: Ht.pdf used on input line 271.
(pdftex.def)             Requested size: 125.20816pt x 121.89577pt.

<Ht_cuts.pdf, id=396, 569.12625pt x 554.07pt>
File: Ht_cuts.pdf Graphic file (type pdf)
 <use Ht_cuts.pdf>
Package pdftex.def Info: Ht_cuts.pdf used on input line 271.
(pdftex.def)             Requested size: 125.20816pt x 121.89577pt.

Overfull \vbox (9.28932pt too high) detected at line 271
 []


Overfull \hbox (376.20467pt too wide) has occurred while \output is active
 [][]  \OT1/cmss/m/n/5 ([])  
 []

[9

 <./dif.pdf, page is rotated 90 degrees> <./dif_cuts.pdf, page is rotated 90 de
grees> <./Ht.pdf, page is rotated 90 degrees> <./Ht_cuts.pdf, page is rotated 9
0 degrees>]
Overfull \hbox (376.20467pt too wide) has occurred while \output is active
 [][]  \OT1/cmss/m/n/5 ([])  
 []

[10

] <SingleTopMasscarles.pdf, id=585, 569.12625pt x 554.07pt>
File: SingleTopMasscarles.pdf Graphic file (type pdf)

<use SingleTopMasscarles.pdf>
Package pdftex.def Info: SingleTopMasscarles.pdf used on input line 313.
(pdftex.def)             Requested size: 108.1351pt x 105.27438pt.
 <jet_leta.pdf, id=586, 569.12625pt x 554.07pt>
File: jet_leta.pdf Graphic file (type pdf)

<use jet_leta.pdf>
Package pdftex.def Info: jet_leta.pdf used on input line 313.
(pdftex.def)             Requested size: 108.1351pt x 105.27438pt.
 <deltaeta.png, id=587, 465.99094pt x 446.41782pt>
File: deltaeta.png Graphic file (type png)

<use deltaeta.png>
Package pdftex.def Info: deltaeta.png used on input line 313.
(pdftex.def)             Requested size: 107.17566pt x 102.67393pt.
 <htcarles.pdf, id=588, 569.12625pt x 554.07pt>
File: htcarles.pdf Graphic file (type pdf)

<use htcarles.pdf>
Package pdftex.def Info: htcarles.pdf used on input line 313.
(pdftex.def)             Requested size: 108.1351pt x 105.27438pt.

Overfull \hbox (376.20467pt too wide) has occurred while \output is active
 [][]  \OT1/cmss/m/n/5 ([])  
 []

[11

 <./SingleTopMasscarles.pdf, page is rotated 90 degrees> <./jet_leta.pdf, page 
is rotated 90 degrees> <./deltaeta.png> <./htcarles.pdf, page is rotated 90 deg
rees>]

Package hyperref Warning: Token not allowed in a PDF string (PDFDocEncoding):
(hyperref)                removing `math shift' on input line 314.


Package hyperref Warning: Token not allowed in a PDF string (PDFDocEncoding):
(hyperref)                removing `math shift' on input line 314.

<ttbar.png, id=727, 401.5pt x 310.15875pt>
File: ttbar.png Graphic file (type png)
 <use ttbar.png>
Package pdftex.def Info: ttbar.png used on input line 344.
(pdftex.def)             Requested size: 120.45091pt x 93.04834pt.

Overfull \hbox (10.3059pt too wide) in paragraph at lines 344--344
 [] 
 []


Overfull \hbox (376.20467pt too wide) has occurred while \output is active
 [][]  \OT1/cmss/m/n/5 ([])  
 []

[12

 <./ttbar.png>] <recoWmass.pdf, id=736, 569.12625pt x 554.07pt>
File: recoWmass.pdf Graphic file (type pdf)

<use recoWmass.pdf>
Package pdftex.def Info: recoWmass.pdf used on input line 363.
(pdftex.def)             Requested size: 125.20816pt x 121.89577pt.
 <recoWmassbis.pdf, id=737, 569.12625pt x 554.07pt>
File: recoWmassbis.pdf Graphic file (type pdf)

<use recoWmassbis.pdf>
Package pdftex.def Info: recoWmassbis.pdf used on input line 363.
(pdftex.def)             Requested size: 125.20816pt x 121.89577pt.
 <reconsmass.pdf, id=738, 569.12625pt x 554.07pt>
File: reconsmass.pdf Graphic file (type pdf)

<use reconsmass.pdf>
Package pdftex.def Info: reconsmass.pdf used on input line 363.
(pdftex.def)             Requested size: 125.20816pt x 121.89577pt.
 <reconsmassbis.pdf, id=739, 569.12625pt x 554.07pt>
File: reconsmassbis.pdf Graphic file (type pdf)

<use reconsmassbis.pdf>
Package pdftex.def Info: reconsmassbis.pdf used on input line 363.
(pdftex.def)             Requested size: 125.20816pt x 121.89577pt.

Overfull \vbox (9.28932pt too high) detected at line 363
 []


Overfull \hbox (376.20467pt too wide) has occurred while \output is active
 [][]  \OT1/cmss/m/n/5 ([])  
 []

[13

 <./recoWmass.pdf, page is rotated 90 degrees> <./recoWmassbis.pdf, page is rot
ated 90 degrees> <./reconsmass.pdf, page is rotated 90 degrees> <./reconsmassbi
s.pdf, page is rotated 90 degrees>]
Overfull \hbox (376.20467pt too wide) has occurred while \output is active
 [][]  \OT1/cmss/m/n/5 ([])  
 []

[14

]
Overfull \hbox (376.20467pt too wide) has occurred while \output is active
 [][]  \OT1/cmss/m/n/5 ([])  
 []

[15

]
\tf@nav=\write6
\openout6 = `SummerIFIC.nav'.

\tf@toc=\write7
\openout7 = `SummerIFIC.toc'.

\tf@snm=\write8
\openout8 = `SummerIFIC.snm'.

Package atveryend Info: Empty hook `BeforeClearDocument' on input line 388.
Package atveryend Info: Empty hook `AfterLastShipout' on input line 388.
 (SummerIFIC.aux
LaTeX Info: Redefining \. on input line 23.
LaTeX Info: Redefining \% on input line 23.
)
Package atveryend Info: Executing hook `AtVeryEndDocument' on input line 388.
Package atveryend Info: Executing hook `AtEndAfterFileList' on input line 388.
Package rerunfilecheck Info: File `SummerIFIC.out' has not changed.
(rerunfilecheck)             Checksum: B43CA2537C9CABA3E56D8CFB5C328637;658.
 ) 
Here is how much of TeX's memory you used:
 19806 strings out of 493323
 376808 string characters out of 3129581
 464297 words of memory out of 3000000
 22817 multiletter control sequences out of 15000+200000
 13595 words of font info for 50 fonts, out of 3000000 for 9000
 1141 hyphenation exceptions out of 8191
 56i,18n,62p,798b,818s stack positions out of 5000i,500n,10000p,200000b,50000s
<C:/Users/Carles/AppData/Local/Programs/MiKTeX 2.9/fonts/type1/public/amsfont
s/cm/cmex10.pfb><C:/Users/Carles/AppData/Local/Programs/MiKTeX 2.9/fonts/type1/
public/amsfonts/cm/cmmi10.pfb><C:/Users/Carles/AppData/Local/Programs/MiKTeX 2.
9/fonts/type1/public/amsfonts/cm/cmmi12.pfb><C:/Users/Carles/AppData/Local/Prog
rams/MiKTeX 2.9/fonts/type1/public/amsfonts/cm/cmmi7.pfb><C:/Users/Carles/AppDa
ta/Local/Programs/MiKTeX 2.9/fonts/type1/public/amsfonts/cm/cmmi9.pfb><C:/Users
/Carles/AppData/Local/Programs/MiKTeX 2.9/fonts/type1/public/amsfonts/cm/cmss10
.pfb><C:/Users/Carles/AppData/Local/Programs/MiKTeX 2.9/fonts/type1/public/amsf
onts/cm/cmss12.pfb><C:/Users/Carles/AppData/Local/Programs/MiKTeX 2.9/fonts/typ
e1/public/amsfonts/cm/cmss8.pfb><C:/Users/Carles/AppData/Local/Programs/MiKTeX 
2.9/fonts/type1/public/amsfonts/cm/cmss9.pfb><C:/Users/Carles/AppData/Local/Pro
grams/MiKTeX 2.9/fonts/type1/public/amsfonts/cm/cmssi10.pfb><C:/Users/Carles/Ap
pData/Local/Programs/MiKTeX 2.9/fonts/type1/public/amsfonts/cm/cmssi12.pfb><C:/
Users/Carles/AppData/Local/Programs/MiKTeX 2.9/fonts/type1/public/amsfonts/cm/c
mssi8.pfb><C:/Users/Carles/AppData/Local/Programs/MiKTeX 2.9/fonts/type1/public
/amsfonts/cm/cmssi9.pfb><C:/Users/Carles/AppData/Local/Programs/MiKTeX 2.9/font
s/type1/public/amsfonts/cm/cmsy10.pfb><C:/Users/Carles/AppData/Local/Programs/M
iKTeX 2.9/fonts/type1/public/amsfonts/cm/cmsy7.pfb>
Output written on SummerIFIC.pdf (15 pages, 630017 bytes).
PDF statistics:
 995 PDF objects out of 1000 (max. 8388607)
 38 named destinations out of 1000 (max. 500000)
 267 words of extra memory for PDF output out of 10000 (max. 10000000)

